# JRE version: OpenJDK Runtime Environment (7.0_91-b02) (build 1.7.0_91-b02)
# Java VM: OpenJDK 64-Bit Server VM (24.91-b01 mixed mode linux-amd64 compressed oops)
Heap
 PSYoungGen      total 58368K, used 14201K [0x00000000faa80000, 0x0000000100000000, 0x0000000100000000)
  eden space 29184K, 42% used [0x00000000faa80000,0x00000000fb6a39f0,0x00000000fc700000)
  from space 29184K, 6% used [0x00000000fe380000,0x00000000fe53ac90,0x0000000100000000)
  to   space 29184K, 0% used [0x00000000fc700000,0x00000000fc700000,0x00000000fe380000)
 ParOldGen       total 136704K, used 54143K [0x00000000f0000000, 0x00000000f8580000, 0x00000000faa80000)
  object space 136704K, 39% used [0x00000000f0000000,0x00000000f34dff50,0x00000000f8580000)
 PSPermGen       total 79872K, used 39330K [0x00000000e5a00000, 0x00000000ea800000, 0x00000000f0000000)
  object space 79872K, 49% used [0x00000000e5a00000,0x00000000e80688c8,0x00000000ea800000)
GC Heap History (10 events):
Event: 35.359 GC heap before
{Heap before GC invocations=14 (full 1):
 PSYoungGen      total 58368K, used 35626K [0x00000000faa80000, 0x0000000100000000, 0x0000000100000000)
  eden space 29184K, 87% used [0x00000000faa80000,0x00000000fc36aa80,0x00000000fc700000)
  from space 29184K, 34% used [0x00000000fe380000,0x00000000fed600a8,0x0000000100000000)
  to   space 29184K, 0% used [0x00000000fc700000,0x00000000fc700000,0x00000000fe380000)
 ParOldGen       total 102912K, used 43206K [0x00000000f0000000, 0x00000000f6480000, 0x00000000faa80000)
  object space 102912K, 41% used [0x00000000f0000000,0x00000000f2a31ae0,0x00000000f6480000)
 PSPermGen       total 67072K, used 38828K [0x00000000e5a00000, 0x00000000e9b80000, 0x00000000f0000000)
  object space 67072K, 57% used [0x00000000e5a00000,0x00000000e7feb078,0x00000000e9b80000)
Event: 35.371 GC heap after
Heap after GC invocations=14 (full 1):
 PSYoungGen      total 58368K, used 3169K [0x00000000faa80000, 0x0000000100000000, 0x0000000100000000)
  eden space 29184K, 0% used [0x00000000faa80000,0x00000000faa80000,0x00000000fc700000)
  from space 29184K, 10% used [0x00000000fc700000,0x00000000fca18550,0x00000000fe380000)
  to   space 29184K, 0% used [0x00000000fe380000,0x00000000fe380000,0x0000000100000000)
 ParOldGen       total 102912K, used 59619K [0x00000000f0000000, 0x00000000f6480000, 0x00000000faa80000)
  object space 102912K, 57% used [0x00000000f0000000,0x00000000f3a38f30,0x00000000f6480000)
 PSPermGen       total 67072K, used 38828K [0x00000000e5a00000, 0x00000000e9b80000, 0x00000000f0000000)
  object space 67072K, 57% used [0x00000000e5a00000,0x00000000e7feb078,0x00000000e9b80000)
}
Event: 36.013 GC heap before
{Heap before GC invocations=15 (full 1):
 PSYoungGen      total 58368K, used 27430K [0x00000000faa80000, 0x0000000100000000, 0x0000000100000000)
  eden space 29184K, 83% used [0x00000000faa80000,0x00000000fc231510,0x00000000fc700000)
  from space 29184K, 10% used [0x00000000fc700000,0x00000000fca18550,0x00000000fe380000)
  to   space 29184K, 0% used [0x00000000fe380000,0x00000000fe380000,0x0000000100000000)
 ParOldGen       total 102912K, used 59619K [0x00000000f0000000, 0x00000000f6480000, 0x00000000faa80000)
  object space 102912K, 57% used [0x00000000f0000000,0x00000000f3a38f30,0x00000000f6480000)
 PSPermGen       total 67072K, used 39015K [0x00000000e5a00000, 0x00000000e9b80000, 0x00000000f0000000)
  object space 67072K, 58% used [0x00000000e5a00000,0x00000000e8019cf8,0x00000000e9b80000)
Event: 36.026 GC heap after
Heap after GC invocations=15 (full 1):
 PSYoungGen      total 58368K, used 21295K [0x00000000faa80000, 0x0000000100000000, 0x0000000100000000)
  eden space 29184K, 0% used [0x00000000faa80000,0x00000000faa80000,0x00000000fc700000)
  from space 29184K, 72% used [0x00000000fe380000,0x00000000ff84be00,0x0000000100000000)
  to   space 29184K, 0% used [0x00000000fc700000,0x00000000fc700000,0x00000000fe380000)
 ParOldGen       total 102912K, used 61773K [0x00000000f0000000, 0x00000000f6480000, 0x00000000faa80000)
  object space 102912K, 60% used [0x00000000f0000000,0x00000000f3c53718,0x00000000f6480000)
 PSPermGen       total 67072K, used 39015K [0x00000000e5a00000, 0x00000000e9b80000, 0x00000000f0000000)
  object space 67072K, 58% used [0x00000000e5a00000,0x00000000e8019cf8,0x00000000e9b80000)
}
Event: 46.574 GC heap before
{Heap before GC invocations=16 (full 1):
 PSYoungGen      total 58368K, used 50479K [0x00000000faa80000, 0x0000000100000000, 0x0000000100000000)
  eden space 29184K, 100% used [0x00000000faa80000,0x00000000fc700000,0x00000000fc700000)
  from space 29184K, 72% used [0x00000000fe380000,0x00000000ff84be00,0x0000000100000000)
  to   space 29184K, 0% used [0x00000000fc700000,0x00000000fc700000,0x00000000fe380000)
 ParOldGen       total 102912K, used 61773K [0x00000000f0000000, 0x00000000f6480000, 0x00000000faa80000)
  object space 102912K, 60% used [0x00000000f0000000,0x00000000f3c53780,0x00000000f6480000)
 PSPermGen       total 67072K, used 39223K [0x00000000e5a00000, 0x00000000e9b80000, 0x00000000f0000000)
  object space 67072K, 58% used [0x00000000e5a00000,0x00000000e804dc98,0x00000000e9b80000)
Event: 46.592 GC heap after
Heap after GC invocations=16 (full 1):
 PSYoungGen      total 58368K, used 13132K [0x00000000faa80000, 0x0000000100000000, 0x0000000100000000)
  eden space 29184K, 0% used [0x00000000faa80000,0x00000000faa80000,0x00000000fc700000)
  from space 29184K, 44% used [0x00000000fc700000,0x00000000fd3d3280,0x00000000fe380000)
  to   space 29184K, 0% used [0x00000000fe380000,0x00000000fe380000,0x0000000100000000)
 ParOldGen       total 102912K, used 82775K [0x00000000f0000000, 0x00000000f6480000, 0x00000000faa80000)
  object space 102912K, 80% used [0x00000000f0000000,0x00000000f50d5d10,0x00000000f6480000)
 PSPermGen       total 67072K, used 39223K [0x00000000e5a00000, 0x00000000e9b80000, 0x00000000f0000000)
  object space 67072K, 58% used [0x00000000e5a00000,0x00000000e804dc98,0x00000000e9b80000)
}
Event: 46.592 GC heap before
{Heap before GC invocations=17 (full 2):
 PSYoungGen      total 58368K, used 13132K [0x00000000faa80000, 0x0000000100000000, 0x0000000100000000)
  eden space 29184K, 0% used [0x00000000faa80000,0x00000000faa80000,0x00000000fc700000)
  from space 29184K, 44% used [0x00000000fc700000,0x00000000fd3d3280,0x00000000fe380000)
  to   space 29184K, 0% used [0x00000000fe380000,0x00000000fe380000,0x0000000100000000)
 ParOldGen       total 102912K, used 82775K [0x00000000f0000000, 0x00000000f6480000, 0x00000000faa80000)
  object space 102912K, 80% used [0x00000000f0000000,0x00000000f50d5d10,0x00000000f6480000)
 PSPermGen       total 67072K, used 39223K [0x00000000e5a00000, 0x00000000e9b80000, 0x00000000f0000000)
  object space 67072K, 58% used [0x00000000e5a00000,0x00000000e804dc98,0x00000000e9b80000)
Event: 46.692 GC heap after
Heap after GC invocations=17 (full 2):
 PSYoungGen      total 58368K, used 0K [0x00000000faa80000, 0x0000000100000000, 0x0000000100000000)
  eden space 29184K, 0% used [0x00000000faa80000,0x00000000faa80000,0x00000000fc700000)
  from space 29184K, 0% used [0x00000000fc700000,0x00000000fc700000,0x00000000fe380000)
  to   space 29184K, 0% used [0x00000000fe380000,0x00000000fe380000,0x0000000100000000)
 ParOldGen       total 136704K, used 54126K [0x00000000f0000000, 0x00000000f8580000, 0x00000000faa80000)
  object space 136704K, 39% used [0x00000000f0000000,0x00000000f34dbbe0,0x00000000f8580000)
 PSPermGen       total 79872K, used 39219K [0x00000000e5a00000, 0x00000000ea800000, 0x00000000f0000000)
  object space 79872K, 49% used [0x00000000e5a00000,0x00000000e804cd50,0x00000000ea800000)
}
Event: 57.550 GC heap before
{Heap before GC invocations=18 (full 2):
 PSYoungGen      total 58368K, used 29184K [0x00000000faa80000, 0x0000000100000000, 0x0000000100000000)
  eden space 29184K, 100% used [0x00000000faa80000,0x00000000fc700000,0x00000000fc700000)
  from space 29184K, 0% used [0x00000000fc700000,0x00000000fc700000,0x00000000fe380000)
  to   space 29184K, 0% used [0x00000000fe380000,0x00000000fe380000,0x0000000100000000)
 ParOldGen       total 136704K, used 54143K [0x00000000f0000000, 0x00000000f8580000, 0x00000000faa80000)
  object space 136704K, 39% used [0x00000000f0000000,0x00000000f34dff50,0x00000000f8580000)
 PSPermGen       total 79872K, used 39302K [0x00000000e5a00000, 0x00000000ea800000, 0x00000000f0000000)
  object space 79872K, 49% used [0x00000000e5a00000,0x00000000e8061b48,0x00000000ea800000)
Event: 57.554 GC heap after
Heap after GC invocations=18 (full 2):
 PSYoungGen      total 58368K, used 1771K [0x00000000faa80000, 0x0000000100000000, 0x0000000100000000)
  eden space 29184K, 0% used [0x00000000faa80000,0x00000000faa80000,0x00000000fc700000)
  from space 29184K, 6% used [0x00000000fe380000,0x00000000fe53ac90,0x0000000100000000)
  to   space 29184K, 0% used [0x00000000fc700000,0x00000000fc700000,0x00000000fe380000)
 ParOldGen       total 136704K, used 54143K [0x00000000f0000000, 0x00000000f8580000, 0x00000000faa80000)
  object space 136704K, 39% used [0x00000000f0000000,0x00000000f34dff50,0x00000000f8580000)
 PSPermGen       total 79872K, used 39302K [0x00000000e5a00000, 0x00000000ea800000, 0x00000000f0000000)
  object space 79872K, 49% used [0x00000000e5a00000,0x00000000e8061b48,0x00000000ea800000)
}

