# JRE version: OpenJDK Runtime Environment (7.0_91-b02) (build 1.7.0_91-b02)
# Java VM: OpenJDK 64-Bit Server VM (24.91-b01 mixed mode linux-amd64 compressed oops)
Heap
 PSYoungGen      total 58368K, used 30222K [0x00000000faa80000, 0x0000000100000000, 0x0000000100000000)
  eden space 36352K, 30% used [0x00000000faa80000,0x00000000fb56f388,0x00000000fce00000)
  from space 22016K, 86% used [0x00000000fea80000,0x00000000ffd14508,0x0000000100000000)
  to   space 25600K, 0% used [0x00000000fce00000,0x00000000fce00000,0x00000000fe700000)
 ParOldGen       total 117760K, used 48018K [0x00000000f0000000, 0x00000000f7300000, 0x00000000faa80000)
  object space 117760K, 40% used [0x00000000f0000000,0x00000000f2ee4a60,0x00000000f7300000)
 PSPermGen       total 78336K, used 39330K [0x00000000e5a00000, 0x00000000ea680000, 0x00000000f0000000)
  object space 78336K, 50% used [0x00000000e5a00000,0x00000000e80689a0,0x00000000ea680000)
GC Heap History (10 events):
Event: 31.964 GC heap before
{Heap before GC invocations=7 (full 0):
 PSYoungGen      total 65536K, used 55642K [0x00000000faa80000, 0x0000000100000000, 0x0000000100000000)
  eden space 47616K, 100% used [0x00000000faa80000,0x00000000fd900000,0x00000000fd900000)
  from space 17920K, 44% used [0x00000000fee80000,0x00000000ff656938,0x0000000100000000)
  to   space 19968K, 0% used [0x00000000fd900000,0x00000000fd900000,0x00000000fec80000)
 ParOldGen       total 83968K, used 30897K [0x00000000f0000000, 0x00000000f5200000, 0x00000000faa80000)
  object space 83968K, 36% used [0x00000000f0000000,0x00000000f1e2c4d8,0x00000000f5200000)
 PSPermGen       total 37888K, used 37548K [0x00000000e5a00000, 0x00000000e7f00000, 0x00000000f0000000)
  object space 37888K, 99% used [0x00000000e5a00000,0x00000000e7eab040,0x00000000e7f00000)
Event: 31.975 GC heap after
Heap after GC invocations=7 (full 0):
 PSYoungGen      total 67584K, used 11468K [0x00000000faa80000, 0x0000000100000000, 0x0000000100000000)
  eden space 47616K, 0% used [0x00000000faa80000,0x00000000faa80000,0x00000000fd900000)
  from space 19968K, 57% used [0x00000000fd900000,0x00000000fe433298,0x00000000fec80000)
  to   space 19456K, 0% used [0x00000000fed00000,0x00000000fed00000,0x0000000100000000)
 ParOldGen       total 83968K, used 32712K [0x00000000f0000000, 0x00000000f5200000, 0x00000000faa80000)
  object space 83968K, 38% used [0x00000000f0000000,0x00000000f1ff21f0,0x00000000f5200000)
 PSPermGen       total 37888K, used 37548K [0x00000000e5a00000, 0x00000000e7f00000, 0x00000000f0000000)
  object space 37888K, 99% used [0x00000000e5a00000,0x00000000e7eab040,0x00000000e7f00000)
}
Event: 32.674 GC heap before
{Heap before GC invocations=8 (full 0):
 PSYoungGen      total 67584K, used 59084K [0x00000000faa80000, 0x0000000100000000, 0x0000000100000000)
  eden space 47616K, 100% used [0x00000000faa80000,0x00000000fd900000,0x00000000fd900000)
  from space 19968K, 57% used [0x00000000fd900000,0x00000000fe433298,0x00000000fec80000)
  to   space 19456K, 0% used [0x00000000fed00000,0x00000000fed00000,0x0000000100000000)
 ParOldGen       total 83968K, used 32712K [0x00000000f0000000, 0x00000000f5200000, 0x00000000faa80000)
  object space 83968K, 38% used [0x00000000f0000000,0x00000000f1ff21f0,0x00000000f5200000)
 PSPermGen       total 38912K, used 38637K [0x00000000e5a00000, 0x00000000e8000000, 0x00000000f0000000)
  object space 38912K, 99% used [0x00000000e5a00000,0x00000000e7fbb420,0x00000000e8000000)
Event: 32.701 GC heap after
Heap after GC invocations=8 (full 0):
 PSYoungGen      total 64000K, used 18598K [0x00000000faa80000, 0x0000000100000000, 0x0000000100000000)
  eden space 44544K, 0% used [0x00000000faa80000,0x00000000faa80000,0x00000000fd600000)
  from space 19456K, 95% used [0x00000000fed00000,0x00000000fff29a40,0x0000000100000000)
  to   space 21504K, 0% used [0x00000000fd600000,0x00000000fd600000,0x00000000feb00000)
 ParOldGen       total 83968K, used 57979K [0x00000000f0000000, 0x00000000f5200000, 0x00000000faa80000)
  object space 83968K, 69% used [0x00000000f0000000,0x00000000f389edc8,0x00000000f5200000)
 PSPermGen       total 38912K, used 38637K [0x00000000e5a00000, 0x00000000e8000000, 0x00000000f0000000)
  object space 38912K, 99% used [0x00000000e5a00000,0x00000000e7fbb420,0x00000000e8000000)
}
Event: 41.420 GC heap before
{Heap before GC invocations=9 (full 0):
 PSYoungGen      total 64000K, used 63142K [0x00000000faa80000, 0x0000000100000000, 0x0000000100000000)
  eden space 44544K, 100% used [0x00000000faa80000,0x00000000fd600000,0x00000000fd600000)
  from space 19456K, 95% used [0x00000000fed00000,0x00000000fff29a40,0x0000000100000000)
  to   space 21504K, 0% used [0x00000000fd600000,0x00000000fd600000,0x00000000feb00000)
 ParOldGen       total 83968K, used 57979K [0x00000000f0000000, 0x00000000f5200000, 0x00000000faa80000)
  object space 83968K, 69% used [0x00000000f0000000,0x00000000f389edc8,0x00000000f5200000)
 PSPermGen       total 39424K, used 39142K [0x00000000e5a00000, 0x00000000e8080000, 0x00000000f0000000)
  object space 39424K, 99% used [0x00000000e5a00000,0x00000000e8039930,0x00000000e8080000)
Event: 41.447 GC heap after
Heap after GC invocations=9 (full 0):
 PSYoungGen      total 65536K, used 20835K [0x00000000faa80000, 0x0000000100000000, 0x0000000100000000)
  eden space 44544K, 0% used [0x00000000faa80000,0x00000000faa80000,0x00000000fd600000)
  from space 20992K, 99% used [0x00000000fd600000,0x00000000fea58dc0,0x00000000fea80000)
  to   space 22016K, 0% used [0x00000000fea80000,0x00000000fea80000,0x0000000100000000)
 ParOldGen       total 90112K, used 86553K [0x00000000f0000000, 0x00000000f5800000, 0x00000000faa80000)
  object space 90112K, 96% used [0x00000000f0000000,0x00000000f5486508,0x00000000f5800000)
 PSPermGen       total 39424K, used 39142K [0x00000000e5a00000, 0x00000000e8080000, 0x00000000f0000000)
  object space 39424K, 99% used [0x00000000e5a00000,0x00000000e8039930,0x00000000e8080000)
}
Event: 41.447 GC heap before
{Heap before GC invocations=10 (full 1):
 PSYoungGen      total 65536K, used 20835K [0x00000000faa80000, 0x0000000100000000, 0x0000000100000000)
  eden space 44544K, 0% used [0x00000000faa80000,0x00000000faa80000,0x00000000fd600000)
  from space 20992K, 99% used [0x00000000fd600000,0x00000000fea58dc0,0x00000000fea80000)
  to   space 22016K, 0% used [0x00000000fea80000,0x00000000fea80000,0x0000000100000000)
 ParOldGen       total 90112K, used 86553K [0x00000000f0000000, 0x00000000f5800000, 0x00000000faa80000)
  object space 90112K, 96% used [0x00000000f0000000,0x00000000f5486508,0x00000000f5800000)
 PSPermGen       total 39424K, used 39142K [0x00000000e5a00000, 0x00000000e8080000, 0x00000000f0000000)
  object space 39424K, 99% used [0x00000000e5a00000,0x00000000e8039930,0x00000000e8080000)
Event: 41.621 GC heap after
Heap after GC invocations=10 (full 1):
 PSYoungGen      total 65536K, used 0K [0x00000000faa80000, 0x0000000100000000, 0x0000000100000000)
  eden space 44544K, 0% used [0x00000000faa80000,0x00000000faa80000,0x00000000fd600000)
  from space 20992K, 0% used [0x00000000fd600000,0x00000000fd600000,0x00000000fea80000)
  to   space 22016K, 0% used [0x00000000fea80000,0x00000000fea80000,0x0000000100000000)
 ParOldGen       total 117760K, used 48010K [0x00000000f0000000, 0x00000000f7300000, 0x00000000faa80000)
  object space 117760K, 40% used [0x00000000f0000000,0x00000000f2ee2a60,0x00000000f7300000)
 PSPermGen       total 78336K, used 39125K [0x00000000e5a00000, 0x00000000ea680000, 0x00000000f0000000)
  object space 78336K, 49% used [0x00000000e5a00000,0x00000000e8035700,0x00000000ea680000)
}
Event: 83.241 GC heap before
{Heap before GC invocations=11 (full 1):
 PSYoungGen      total 65536K, used 44544K [0x00000000faa80000, 0x0000000100000000, 0x0000000100000000)
  eden space 44544K, 100% used [0x00000000faa80000,0x00000000fd600000,0x00000000fd600000)
  from space 20992K, 0% used [0x00000000fd600000,0x00000000fd600000,0x00000000fea80000)
  to   space 22016K, 0% used [0x00000000fea80000,0x00000000fea80000,0x0000000100000000)
 ParOldGen       total 117760K, used 48010K [0x00000000f0000000, 0x00000000f7300000, 0x00000000faa80000)
  object space 117760K, 40% used [0x00000000f0000000,0x00000000f2ee2a60,0x00000000f7300000)
 PSPermGen       total 78336K, used 39263K [0x00000000e5a00000, 0x00000000ea680000, 0x00000000f0000000)
  object space 78336K, 50% used [0x00000000e5a00000,0x00000000e8057f28,0x00000000ea680000)
Event: 83.248 GC heap after
Heap after GC invocations=11 (full 1):
 PSYoungGen      total 58368K, used 19025K [0x00000000faa80000, 0x0000000100000000, 0x0000000100000000)
  eden space 36352K, 0% used [0x00000000faa80000,0x00000000faa80000,0x00000000fce00000)
  from space 22016K, 86% used [0x00000000fea80000,0x00000000ffd14508,0x0000000100000000)
  to   space 25600K, 0% used [0x00000000fce00000,0x00000000fce00000,0x00000000fe700000)
 ParOldGen       total 117760K, used 48018K [0x00000000f0000000, 0x00000000f7300000, 0x00000000faa80000)
  object space 117760K, 40% used [0x00000000f0000000,0x00000000f2ee4a60,0x00000000f7300000)
 PSPermGen       total 78336K, used 39263K [0x00000000e5a00000, 0x00000000ea680000, 0x00000000f0000000)
  object space 78336K, 50% used [0x00000000e5a00000,0x00000000e8057f28,0x00000000ea680000)
}

