# JRE version: OpenJDK Runtime Environment (7.0_91-b02) (build 1.7.0_91-b02)
# Java VM: OpenJDK 64-Bit Server VM (24.91-b01 mixed mode linux-amd64 compressed oops)
Heap
 PSYoungGen      total 65024K, used 16331K [0x00000000faa80000, 0x0000000100000000, 0x0000000100000000)
  eden space 42496K, 17% used [0x00000000faa80000,0x00000000fb198ba8,0x00000000fd400000)
  from space 22528K, 40% used [0x00000000fd400000,0x00000000fdcda1f8,0x00000000fea00000)
  to   space 21504K, 0% used [0x00000000feb00000,0x00000000feb00000,0x0000000100000000)
 ParOldGen       total 83968K, used 37265K [0x00000000f0000000, 0x00000000f5200000, 0x00000000faa80000)
  object space 83968K, 44% used [0x00000000f0000000,0x00000000f2464640,0x00000000f5200000)
 PSPermGen       total 36864K, used 36488K [0x00000000e5a00000, 0x00000000e7e00000, 0x00000000f0000000)
  object space 36864K, 98% used [0x00000000e5a00000,0x00000000e7da2308,0x00000000e7e00000)
GC Heap History (10 events):
Event: 2.048 GC heap before
{Heap before GC invocations=3 (full 0):
 PSYoungGen      total 37376K, used 37360K [0x00000000faa80000, 0x00000000ff380000, 0x0000000100000000)
  eden space 32256K, 100% used [0x00000000faa80000,0x00000000fca00000,0x00000000fca00000)
  from space 5120K, 99% used [0x00000000fcf00000,0x00000000fd3fc020,0x00000000fd400000)
  to   space 5120K, 0% used [0x00000000fca00000,0x00000000fca00000,0x00000000fcf00000)
 ParOldGen       total 83968K, used 4500K [0x00000000f0000000, 0x00000000f5200000, 0x00000000faa80000)
  object space 83968K, 5% used [0x00000000f0000000,0x00000000f04653e8,0x00000000f5200000)
 PSPermGen       total 27136K, used 26950K [0x00000000e5a00000, 0x00000000e7480000, 0x00000000f0000000)
  object space 27136K, 99% used [0x00000000e5a00000,0x00000000e74519d0,0x00000000e7480000)
Event: 2.057 GC heap after
Heap after GC invocations=3 (full 0):
 PSYoungGen      total 37376K, used 5088K [0x00000000faa80000, 0x00000000ff380000, 0x0000000100000000)
  eden space 32256K, 0% used [0x00000000faa80000,0x00000000faa80000,0x00000000fca00000)
  from space 5120K, 99% used [0x00000000fca00000,0x00000000fcef8030,0x00000000fcf00000)
  to   space 5120K, 0% used [0x00000000fee80000,0x00000000fee80000,0x00000000ff380000)
 ParOldGen       total 83968K, used 5547K [0x00000000f0000000, 0x00000000f5200000, 0x00000000faa80000)
  object space 83968K, 6% used [0x00000000f0000000,0x00000000f056aed8,0x00000000f5200000)
 PSPermGen       total 27136K, used 26950K [0x00000000e5a00000, 0x00000000e7480000, 0x00000000f0000000)
  object space 27136K, 99% used [0x00000000e5a00000,0x00000000e74519d0,0x00000000e7480000)
}
Event: 2.848 GC heap before
{Heap before GC invocations=4 (full 0):
 PSYoungGen      total 37376K, used 37344K [0x00000000faa80000, 0x00000000ff380000, 0x0000000100000000)
  eden space 32256K, 100% used [0x00000000faa80000,0x00000000fca00000,0x00000000fca00000)
  from space 5120K, 99% used [0x00000000fca00000,0x00000000fcef8030,0x00000000fcf00000)
  to   space 5120K, 0% used [0x00000000fee80000,0x00000000fee80000,0x00000000ff380000)
 ParOldGen       total 83968K, used 5547K [0x00000000f0000000, 0x00000000f5200000, 0x00000000faa80000)
  object space 83968K, 6% used [0x00000000f0000000,0x00000000f056aed8,0x00000000f5200000)
 PSPermGen       total 30720K, used 30492K [0x00000000e5a00000, 0x00000000e7800000, 0x00000000f0000000)
  object space 30720K, 99% used [0x00000000e5a00000,0x00000000e77c71e8,0x00000000e7800000)
Event: 2.873 GC heap after
Heap after GC invocations=4 (full 0):
 PSYoungGen      total 69632K, used 5092K [0x00000000faa80000, 0x00000000ff380000, 0x0000000100000000)
  eden space 64512K, 0% used [0x00000000faa80000,0x00000000faa80000,0x00000000fe980000)
  from space 5120K, 99% used [0x00000000fee80000,0x00000000ff379088,0x00000000ff380000)
  to   space 5120K, 0% used [0x00000000fe980000,0x00000000fe980000,0x00000000fee80000)
 ParOldGen       total 83968K, used 19406K [0x00000000f0000000, 0x00000000f5200000, 0x00000000faa80000)
  object space 83968K, 23% used [0x00000000f0000000,0x00000000f12f38e8,0x00000000f5200000)
 PSPermGen       total 30720K, used 30492K [0x00000000e5a00000, 0x00000000e7800000, 0x00000000f0000000)
  object space 30720K, 99% used [0x00000000e5a00000,0x00000000e77c71e8,0x00000000e7800000)
}
Event: 65.545 GC heap before
{Heap before GC invocations=5 (full 0):
 PSYoungGen      total 69632K, used 69604K [0x00000000faa80000, 0x00000000ff380000, 0x0000000100000000)
  eden space 64512K, 100% used [0x00000000faa80000,0x00000000fe980000,0x00000000fe980000)
  from space 5120K, 99% used [0x00000000fee80000,0x00000000ff379088,0x00000000ff380000)
  to   space 5120K, 0% used [0x00000000fe980000,0x00000000fe980000,0x00000000fee80000)
 ParOldGen       total 83968K, used 19406K [0x00000000f0000000, 0x00000000f5200000, 0x00000000faa80000)
  object space 83968K, 23% used [0x00000000f0000000,0x00000000f12f38e8,0x00000000f5200000)
 PSPermGen       total 34816K, used 34442K [0x00000000e5a00000, 0x00000000e7c00000, 0x00000000f0000000)
  object space 34816K, 98% used [0x00000000e5a00000,0x00000000e7ba29c8,0x00000000e7c00000)
Event: 65.569 GC heap after
Heap after GC invocations=5 (full 0):
 PSYoungGen      total 69632K, used 5114K [0x00000000faa80000, 0x0000000100000000, 0x0000000100000000)
  eden space 64512K, 0% used [0x00000000faa80000,0x00000000faa80000,0x00000000fe980000)
  from space 5120K, 99% used [0x00000000fe980000,0x00000000fee7eaa8,0x00000000fee80000)
  to   space 17920K, 0% used [0x00000000fee80000,0x00000000fee80000,0x0000000100000000)
 ParOldGen       total 83968K, used 34928K [0x00000000f0000000, 0x00000000f5200000, 0x00000000faa80000)
  object space 83968K, 41% used [0x00000000f0000000,0x00000000f221c140,0x00000000f5200000)
 PSPermGen       total 34816K, used 34442K [0x00000000e5a00000, 0x00000000e7c00000, 0x00000000f0000000)
  object space 34816K, 98% used [0x00000000e5a00000,0x00000000e7ba29c8,0x00000000e7c00000)
}
Event: 66.419 GC heap before
{Heap before GC invocations=6 (full 0):
 PSYoungGen      total 69632K, used 69626K [0x00000000faa80000, 0x0000000100000000, 0x0000000100000000)
  eden space 64512K, 100% used [0x00000000faa80000,0x00000000fe980000,0x00000000fe980000)
  from space 5120K, 99% used [0x00000000fe980000,0x00000000fee7eaa8,0x00000000fee80000)
  to   space 17920K, 0% used [0x00000000fee80000,0x00000000fee80000,0x0000000100000000)
 ParOldGen       total 83968K, used 34928K [0x00000000f0000000, 0x00000000f5200000, 0x00000000faa80000)
  object space 83968K, 41% used [0x00000000f0000000,0x00000000f221c140,0x00000000f5200000)
 PSPermGen       total 35328K, used 35147K [0x00000000e5a00000, 0x00000000e7c80000, 0x00000000f0000000)
  object space 35328K, 99% used [0x00000000e5a00000,0x00000000e7c52cf8,0x00000000e7c80000)
Event: 66.429 GC heap after
Heap after GC invocations=6 (full 0):
 PSYoungGen      total 60416K, used 8131K [0x00000000faa80000, 0x0000000100000000, 0x0000000100000000)
  eden space 42496K, 0% used [0x00000000faa80000,0x00000000faa80000,0x00000000fd400000)
  from space 17920K, 45% used [0x00000000fee80000,0x00000000ff670cb0,0x0000000100000000)
  to   space 22528K, 0% used [0x00000000fd400000,0x00000000fd400000,0x00000000fea00000)
 ParOldGen       total 83968K, used 34936K [0x00000000f0000000, 0x00000000f5200000, 0x00000000faa80000)
  object space 83968K, 41% used [0x00000000f0000000,0x00000000f221e140,0x00000000f5200000)
 PSPermGen       total 35328K, used 35147K [0x00000000e5a00000, 0x00000000e7c80000, 0x00000000f0000000)
  object space 35328K, 99% used [0x00000000e5a00000,0x00000000e7c52cf8,0x00000000e7c80000)
}
Event: 334.728 GC heap before
{Heap before GC invocations=7 (full 0):
 PSYoungGen      total 60416K, used 50627K [0x00000000faa80000, 0x0000000100000000, 0x0000000100000000)
  eden space 42496K, 100% used [0x00000000faa80000,0x00000000fd400000,0x00000000fd400000)
  from space 17920K, 45% used [0x00000000fee80000,0x00000000ff670cb0,0x0000000100000000)
  to   space 22528K, 0% used [0x00000000fd400000,0x00000000fd400000,0x00000000fea00000)
 ParOldGen       total 83968K, used 34936K [0x00000000f0000000, 0x00000000f5200000, 0x00000000faa80000)
  object space 83968K, 41% used [0x00000000f0000000,0x00000000f221e140,0x00000000f5200000)
 PSPermGen       total 35840K, used 35465K [0x00000000e5a00000, 0x00000000e7d00000, 0x00000000f0000000)
  object space 35840K, 98% used [0x00000000e5a00000,0x00000000e7ca2748,0x00000000e7d00000)
Event: 334.739 GC heap after
Heap after GC invocations=7 (full 0):
 PSYoungGen      total 65024K, used 9064K [0x00000000faa80000, 0x0000000100000000, 0x0000000100000000)
  eden space 42496K, 0% used [0x00000000faa80000,0x00000000faa80000,0x00000000fd400000)
  from space 22528K, 40% used [0x00000000fd400000,0x00000000fdcda1f8,0x00000000fea00000)
  to   space 21504K, 0% used [0x00000000feb00000,0x00000000feb00000,0x0000000100000000)
 ParOldGen       total 83968K, used 37265K [0x00000000f0000000, 0x00000000f5200000, 0x00000000faa80000)
  object space 83968K, 44% used [0x00000000f0000000,0x00000000f2464640,0x00000000f5200000)
 PSPermGen       total 35840K, used 35465K [0x00000000e5a00000, 0x00000000e7d00000, 0x00000000f0000000)
  object space 35840K, 98% used [0x00000000e5a00000,0x00000000e7ca2748,0x00000000e7d00000)
}

