# JRE version: OpenJDK Runtime Environment (7.0_91-b02) (build 1.7.0_91-b02)
# Java VM: OpenJDK 64-Bit Server VM (24.91-b01 mixed mode linux-amd64 compressed oops)
Heap
 PSYoungGen      total 82432K, used 21435K [0x00000000faa80000, 0x0000000100000000, 0x0000000100000000)
  eden space 77312K, 21% used [0x00000000faa80000,0x00000000fba741f8,0x00000000ff600000)
  from space 5120K, 99% used [0x00000000ffb00000,0x00000000ffffac08,0x0000000100000000)
  to   space 5120K, 0% used [0x00000000ff600000,0x00000000ff600000,0x00000000ffb00000)
 ParOldGen       total 83968K, used 10861K [0x00000000f0000000, 0x00000000f5200000, 0x00000000faa80000)
  object space 83968K, 12% used [0x00000000f0000000,0x00000000f0a9b6c0,0x00000000f5200000)
 PSPermGen       total 24064K, used 23764K [0x00000000e5a00000, 0x00000000e7180000, 0x00000000f0000000)
  object space 24064K, 98% used [0x00000000e5a00000,0x00000000e7135230,0x00000000e7180000)
GC Heap History (8 events):
Event: 1.007 GC heap before
{Heap before GC invocations=1 (full 0):
 PSYoungGen      total 37376K, used 32256K [0x00000000faa80000, 0x00000000fd400000, 0x0000000100000000)
  eden space 32256K, 100% used [0x00000000faa80000,0x00000000fca00000,0x00000000fca00000)
  from space 5120K, 0% used [0x00000000fcf00000,0x00000000fcf00000,0x00000000fd400000)
  to   space 5120K, 0% used [0x00000000fca00000,0x00000000fca00000,0x00000000fcf00000)
 ParOldGen       total 83968K, used 0K [0x00000000f0000000, 0x00000000f5200000, 0x00000000faa80000)
  object space 83968K, 0% used [0x00000000f0000000,0x00000000f0000000,0x00000000f5200000)
 PSPermGen       total 21504K, used 17366K [0x00000000e5a00000, 0x00000000e6f00000, 0x00000000f0000000)
  object space 21504K, 80% used [0x00000000e5a00000,0x00000000e6af58d8,0x00000000e6f00000)
Event: 1.017 GC heap after
Heap after GC invocations=1 (full 0):
 PSYoungGen      total 37376K, used 5107K [0x00000000faa80000, 0x00000000ff380000, 0x0000000100000000)
  eden space 32256K, 0% used [0x00000000faa80000,0x00000000faa80000,0x00000000fca00000)
  from space 5120K, 99% used [0x00000000fca00000,0x00000000fcefcca8,0x00000000fcf00000)
  to   space 5120K, 0% used [0x00000000fee80000,0x00000000fee80000,0x00000000ff380000)
 ParOldGen       total 83968K, used 2228K [0x00000000f0000000, 0x00000000f5200000, 0x00000000faa80000)
  object space 83968K, 2% used [0x00000000f0000000,0x00000000f022d218,0x00000000f5200000)
 PSPermGen       total 21504K, used 17366K [0x00000000e5a00000, 0x00000000e6f00000, 0x00000000f0000000)
  object space 21504K, 80% used [0x00000000e5a00000,0x00000000e6af58d8,0x00000000e6f00000)
}
Event: 1.244 GC heap before
{Heap before GC invocations=2 (full 0):
 PSYoungGen      total 37376K, used 37363K [0x00000000faa80000, 0x00000000ff380000, 0x0000000100000000)
  eden space 32256K, 100% used [0x00000000faa80000,0x00000000fca00000,0x00000000fca00000)
  from space 5120K, 99% used [0x00000000fca00000,0x00000000fcefcca8,0x00000000fcf00000)
  to   space 5120K, 0% used [0x00000000fee80000,0x00000000fee80000,0x00000000ff380000)
 ParOldGen       total 83968K, used 2228K [0x00000000f0000000, 0x00000000f5200000, 0x00000000faa80000)
  object space 83968K, 2% used [0x00000000f0000000,0x00000000f022d218,0x00000000f5200000)
 PSPermGen       total 21504K, used 17778K [0x00000000e5a00000, 0x00000000e6f00000, 0x00000000f0000000)
  object space 21504K, 82% used [0x00000000e5a00000,0x00000000e6b5c8c0,0x00000000e6f00000)
Event: 1.250 GC heap after
Heap after GC invocations=2 (full 0):
 PSYoungGen      total 69632K, used 4867K [0x00000000faa80000, 0x00000000ff380000, 0x0000000100000000)
  eden space 64512K, 0% used [0x00000000faa80000,0x00000000faa80000,0x00000000fe980000)
  from space 5120K, 95% used [0x00000000fee80000,0x00000000ff340e20,0x00000000ff380000)
  to   space 5120K, 0% used [0x00000000fe980000,0x00000000fe980000,0x00000000fee80000)
 ParOldGen       total 83968K, used 2236K [0x00000000f0000000, 0x00000000f5200000, 0x00000000faa80000)
  object space 83968K, 2% used [0x00000000f0000000,0x00000000f022f218,0x00000000f5200000)
 PSPermGen       total 21504K, used 17778K [0x00000000e5a00000, 0x00000000e6f00000, 0x00000000f0000000)
  object space 21504K, 82% used [0x00000000e5a00000,0x00000000e6b5c8c0,0x00000000e6f00000)
}
Event: 13.385 GC heap before
{Heap before GC invocations=3 (full 0):
 PSYoungGen      total 69632K, used 69379K [0x00000000faa80000, 0x00000000ff380000, 0x0000000100000000)
  eden space 64512K, 100% used [0x00000000faa80000,0x00000000fe980000,0x00000000fe980000)
  from space 5120K, 95% used [0x00000000fee80000,0x00000000ff340e20,0x00000000ff380000)
  to   space 5120K, 0% used [0x00000000fe980000,0x00000000fe980000,0x00000000fee80000)
 ParOldGen       total 83968K, used 2236K [0x00000000f0000000, 0x00000000f5200000, 0x00000000faa80000)
  object space 83968K, 2% used [0x00000000f0000000,0x00000000f022f218,0x00000000f5200000)
 PSPermGen       total 22528K, used 22259K [0x00000000e5a00000, 0x00000000e7000000, 0x00000000f0000000)
  object space 22528K, 98% used [0x00000000e5a00000,0x00000000e6fbce58,0x00000000e7000000)
Event: 13.401 GC heap after
Heap after GC invocations=3 (full 0):
 PSYoungGen      total 69632K, used 5101K [0x00000000faa80000, 0x0000000100000000, 0x0000000100000000)
  eden space 64512K, 0% used [0x00000000faa80000,0x00000000faa80000,0x00000000fe980000)
  from space 5120K, 99% used [0x00000000fe980000,0x00000000fee7b660,0x00000000fee80000)
  to   space 5120K, 0% used [0x00000000ffb00000,0x00000000ffb00000,0x0000000100000000)
 ParOldGen       total 83968K, used 8547K [0x00000000f0000000, 0x00000000f5200000, 0x00000000faa80000)
  object space 83968K, 10% used [0x00000000f0000000,0x00000000f0858d90,0x00000000f5200000)
 PSPermGen       total 22528K, used 22259K [0x00000000e5a00000, 0x00000000e7000000, 0x00000000f0000000)
  object space 22528K, 98% used [0x00000000e5a00000,0x00000000e6fbce58,0x00000000e7000000)
}
Event: 14.121 GC heap before
{Heap before GC invocations=4 (full 0):
 PSYoungGen      total 69632K, used 69613K [0x00000000faa80000, 0x0000000100000000, 0x0000000100000000)
  eden space 64512K, 100% used [0x00000000faa80000,0x00000000fe980000,0x00000000fe980000)
  from space 5120K, 99% used [0x00000000fe980000,0x00000000fee7b660,0x00000000fee80000)
  to   space 5120K, 0% used [0x00000000ffb00000,0x00000000ffb00000,0x0000000100000000)
 ParOldGen       total 83968K, used 8547K [0x00000000f0000000, 0x00000000f5200000, 0x00000000faa80000)
  object space 83968K, 10% used [0x00000000f0000000,0x00000000f0858d90,0x00000000f5200000)
 PSPermGen       total 24064K, used 23609K [0x00000000e5a00000, 0x00000000e7180000, 0x00000000f0000000)
  object space 24064K, 98% used [0x00000000e5a00000,0x00000000e710e4e0,0x00000000e7180000)
Event: 14.132 GC heap after
Heap after GC invocations=4 (full 0):
 PSYoungGen      total 82432K, used 5099K [0x00000000faa80000, 0x0000000100000000, 0x0000000100000000)
  eden space 77312K, 0% used [0x00000000faa80000,0x00000000faa80000,0x00000000ff600000)
  from space 5120K, 99% used [0x00000000ffb00000,0x00000000ffffac08,0x0000000100000000)
  to   space 5120K, 0% used [0x00000000ff600000,0x00000000ff600000,0x00000000ffb00000)
 ParOldGen       total 83968K, used 10861K [0x00000000f0000000, 0x00000000f5200000, 0x00000000faa80000)
  object space 83968K, 12% used [0x00000000f0000000,0x00000000f0a9b6c0,0x00000000f5200000)
 PSPermGen       total 24064K, used 23609K [0x00000000e5a00000, 0x00000000e7180000, 0x00000000f0000000)
  object space 24064K, 98% used [0x00000000e5a00000,0x00000000e710e4e0,0x00000000e7180000)
}

