# JRE version: OpenJDK Runtime Environment (7.0_91-b02) (build 1.7.0_91-b02)
# Java VM: OpenJDK 64-Bit Server VM (24.91-b01 mixed mode linux-amd64 compressed oops)
Heap
 PSYoungGen      total 58880K, used 29521K [0x00000000faa80000, 0x0000000100000000, 0x0000000100000000)
  eden space 34304K, 25% used [0x00000000faa80000,0x00000000fb3156f8,0x00000000fcc00000)
  from space 24576K, 84% used [0x00000000fe800000,0x00000000ffc3f0d8,0x0000000100000000)
  to   space 26624K, 0% used [0x00000000fcc00000,0x00000000fcc00000,0x00000000fe600000)
 ParOldGen       total 83968K, used 57525K [0x00000000f0000000, 0x00000000f5200000, 0x00000000faa80000)
  object space 83968K, 68% used [0x00000000f0000000,0x00000000f382d6a0,0x00000000f5200000)
 PSPermGen       total 39424K, used 39268K [0x00000000e5a00000, 0x00000000e8080000, 0x00000000f0000000)
  object space 39424K, 99% used [0x00000000e5a00000,0x00000000e80592e0,0x00000000e8080000)
GC Heap History (10 events):
Event: 34.315 GC heap before
{Heap before GC invocations=4 (full 0):
 PSYoungGen      total 69632K, used 69624K [0x00000000faa80000, 0x0000000100000000, 0x0000000100000000)
  eden space 64512K, 100% used [0x00000000faa80000,0x00000000fe980000,0x00000000fe980000)
  from space 5120K, 99% used [0x00000000fe980000,0x00000000fee7e090,0x00000000fee80000)
  to   space 5120K, 0% used [0x00000000ffb00000,0x00000000ffb00000,0x0000000100000000)
 ParOldGen       total 83968K, used 15147K [0x00000000f0000000, 0x00000000f5200000, 0x00000000faa80000)
  object space 83968K, 18% used [0x00000000f0000000,0x00000000f0ecad88,0x00000000f5200000)
 PSPermGen       total 34816K, used 34432K [0x00000000e5a00000, 0x00000000e7c00000, 0x00000000f0000000)
  object space 34816K, 98% used [0x00000000e5a00000,0x00000000e7ba03e8,0x00000000e7c00000)
Event: 34.336 GC heap after
Heap after GC invocations=4 (full 0):
 PSYoungGen      total 82432K, used 5100K [0x00000000faa80000, 0x0000000100000000, 0x0000000100000000)
  eden space 77312K, 0% used [0x00000000faa80000,0x00000000faa80000,0x00000000ff600000)
  from space 5120K, 99% used [0x00000000ffb00000,0x00000000ffffb0f8,0x0000000100000000)
  to   space 5120K, 0% used [0x00000000ff600000,0x00000000ff600000,0x00000000ffb00000)
 ParOldGen       total 83968K, used 27021K [0x00000000f0000000, 0x00000000f5200000, 0x00000000faa80000)
  object space 83968K, 32% used [0x00000000f0000000,0x00000000f1a63568,0x00000000f5200000)
 PSPermGen       total 34816K, used 34432K [0x00000000e5a00000, 0x00000000e7c00000, 0x00000000f0000000)
  object space 34816K, 98% used [0x00000000e5a00000,0x00000000e7ba03e8,0x00000000e7c00000)
}
Event: 35.233 GC heap before
{Heap before GC invocations=5 (full 0):
 PSYoungGen      total 82432K, used 82412K [0x00000000faa80000, 0x0000000100000000, 0x0000000100000000)
  eden space 77312K, 100% used [0x00000000faa80000,0x00000000ff600000,0x00000000ff600000)
  from space 5120K, 99% used [0x00000000ffb00000,0x00000000ffffb0f8,0x0000000100000000)
  to   space 5120K, 0% used [0x00000000ff600000,0x00000000ff600000,0x00000000ffb00000)
 ParOldGen       total 83968K, used 27021K [0x00000000f0000000, 0x00000000f5200000, 0x00000000faa80000)
  object space 83968K, 32% used [0x00000000f0000000,0x00000000f1a63568,0x00000000f5200000)
 PSPermGen       total 35328K, used 35115K [0x00000000e5a00000, 0x00000000e7c80000, 0x00000000f0000000)
  object space 35328K, 99% used [0x00000000e5a00000,0x00000000e7c4ad40,0x00000000e7c80000)
Event: 35.242 GC heap after
Heap after GC invocations=5 (full 0):
 PSYoungGen      total 82432K, used 5102K [0x00000000faa80000, 0x0000000100000000, 0x0000000100000000)
  eden space 77312K, 0% used [0x00000000faa80000,0x00000000faa80000,0x00000000ff600000)
  from space 5120K, 99% used [0x00000000ff600000,0x00000000ffafba08,0x00000000ffb00000)
  to   space 5120K, 0% used [0x00000000ffb00000,0x00000000ffb00000,0x0000000100000000)
 ParOldGen       total 83968K, used 30050K [0x00000000f0000000, 0x00000000f5200000, 0x00000000faa80000)
  object space 83968K, 35% used [0x00000000f0000000,0x00000000f1d58840,0x00000000f5200000)
 PSPermGen       total 35328K, used 35115K [0x00000000e5a00000, 0x00000000e7c80000, 0x00000000f0000000)
  object space 35328K, 99% used [0x00000000e5a00000,0x00000000e7c4ad40,0x00000000e7c80000)
}
Event: 43.561 GC heap before
{Heap before GC invocations=6 (full 0):
 PSYoungGen      total 82432K, used 82414K [0x00000000faa80000, 0x0000000100000000, 0x0000000100000000)
  eden space 77312K, 100% used [0x00000000faa80000,0x00000000ff600000,0x00000000ff600000)
  from space 5120K, 99% used [0x00000000ff600000,0x00000000ffafba08,0x00000000ffb00000)
  to   space 5120K, 0% used [0x00000000ffb00000,0x00000000ffb00000,0x0000000100000000)
 ParOldGen       total 83968K, used 30282K [0x00000000f0000000, 0x00000000f5200000, 0x00000000faa80000)
  object space 83968K, 36% used [0x00000000f0000000,0x00000000f1d928c8,0x00000000f5200000)
 PSPermGen       total 38912K, used 38689K [0x00000000e5a00000, 0x00000000e8000000, 0x00000000f0000000)
  object space 38912K, 99% used [0x00000000e5a00000,0x00000000e7fc8618,0x00000000e8000000)
Event: 43.581 GC heap after
Heap after GC invocations=6 (full 0):
 PSYoungGen      total 47616K, used 5098K [0x00000000faa80000, 0x0000000100000000, 0x0000000100000000)
  eden space 42496K, 0% used [0x00000000faa80000,0x00000000faa80000,0x00000000fd400000)
  from space 5120K, 99% used [0x00000000ffb00000,0x00000000ffffa820,0x0000000100000000)
  to   space 22528K, 0% used [0x00000000fd400000,0x00000000fd400000,0x00000000fea00000)
 ParOldGen       total 83968K, used 43686K [0x00000000f0000000, 0x00000000f5200000, 0x00000000faa80000)
  object space 83968K, 52% used [0x00000000f0000000,0x00000000f2aa9b48,0x00000000f5200000)
 PSPermGen       total 38912K, used 38689K [0x00000000e5a00000, 0x00000000e8000000, 0x00000000f0000000)
  object space 38912K, 99% used [0x00000000e5a00000,0x00000000e7fc8618,0x00000000e8000000)
}
Event: 62.537 GC heap before
{Heap before GC invocations=7 (full 0):
 PSYoungGen      total 47616K, used 47594K [0x00000000faa80000, 0x0000000100000000, 0x0000000100000000)
  eden space 42496K, 100% used [0x00000000faa80000,0x00000000fd400000,0x00000000fd400000)
  from space 5120K, 99% used [0x00000000ffb00000,0x00000000ffffa820,0x0000000100000000)
  to   space 22528K, 0% used [0x00000000fd400000,0x00000000fd400000,0x00000000fea00000)
 ParOldGen       total 83968K, used 43688K [0x00000000f0000000, 0x00000000f5200000, 0x00000000faa80000)
  object space 83968K, 52% used [0x00000000f0000000,0x00000000f2aaa250,0x00000000f5200000)
 PSPermGen       total 39424K, used 39116K [0x00000000e5a00000, 0x00000000e8080000, 0x00000000f0000000)
  object space 39424K, 99% used [0x00000000e5a00000,0x00000000e80331f8,0x00000000e8080000)
Event: 62.552 GC heap after
Heap after GC invocations=7 (full 0):
 PSYoungGen      total 60416K, used 18938K [0x00000000faa80000, 0x0000000100000000, 0x0000000100000000)
  eden space 41472K, 0% used [0x00000000faa80000,0x00000000faa80000,0x00000000fd300000)
  from space 18944K, 99% used [0x00000000fd400000,0x00000000fe67ea30,0x00000000fe680000)
  to   space 24576K, 0% used [0x00000000fe800000,0x00000000fe800000,0x0000000100000000)
 ParOldGen       total 83968K, used 44592K [0x00000000f0000000, 0x00000000f5200000, 0x00000000faa80000)
  object space 83968K, 53% used [0x00000000f0000000,0x00000000f2b8c260,0x00000000f5200000)
 PSPermGen       total 39424K, used 39116K [0x00000000e5a00000, 0x00000000e8080000, 0x00000000f0000000)
  object space 39424K, 99% used [0x00000000e5a00000,0x00000000e80331f8,0x00000000e8080000)
}
Event: 1060.331 GC heap before
{Heap before GC invocations=8 (full 0):
 PSYoungGen      total 60416K, used 60410K [0x00000000faa80000, 0x0000000100000000, 0x0000000100000000)
  eden space 41472K, 100% used [0x00000000faa80000,0x00000000fd300000,0x00000000fd300000)
  from space 18944K, 99% used [0x00000000fd400000,0x00000000fe67ea30,0x00000000fe680000)
  to   space 24576K, 0% used [0x00000000fe800000,0x00000000fe800000,0x0000000100000000)
 ParOldGen       total 83968K, used 44592K [0x00000000f0000000, 0x00000000f5200000, 0x00000000faa80000)
  object space 83968K, 53% used [0x00000000f0000000,0x00000000f2b8c260,0x00000000f5200000)
 PSPermGen       total 39424K, used 39220K [0x00000000e5a00000, 0x00000000e8080000, 0x00000000f0000000)
  object space 39424K, 99% used [0x00000000e5a00000,0x00000000e804d1c8,0x00000000e8080000)
Event: 1060.350 GC heap after
Heap after GC invocations=8 (full 0):
 PSYoungGen      total 58880K, used 20732K [0x00000000faa80000, 0x0000000100000000, 0x0000000100000000)
  eden space 34304K, 0% used [0x00000000faa80000,0x00000000faa80000,0x00000000fcc00000)
  from space 24576K, 84% used [0x00000000fe800000,0x00000000ffc3f0d8,0x0000000100000000)
  to   space 26624K, 0% used [0x00000000fcc00000,0x00000000fcc00000,0x00000000fe600000)
 ParOldGen       total 83968K, used 57525K [0x00000000f0000000, 0x00000000f5200000, 0x00000000faa80000)
  object space 83968K, 68% used [0x00000000f0000000,0x00000000f382d6a0,0x00000000f5200000)
 PSPermGen       total 39424K, used 39220K [0x00000000e5a00000, 0x00000000e8080000, 0x00000000f0000000)
  object space 39424K, 99% used [0x00000000e5a00000,0x00000000e804d1c8,0x00000000e8080000)
}

