# JRE version: OpenJDK Runtime Environment (7.0_91-b02) (build 1.7.0_91-b02)
# Java VM: OpenJDK 64-Bit Server VM (24.91-b01 mixed mode linux-amd64 compressed oops)
Heap
 PSYoungGen      total 34816K, used 17770K [0x00000000faa80000, 0x00000000fff80000, 0x0000000100000000)
  eden space 28672K, 61% used [0x00000000faa80000,0x00000000fbbda8e8,0x00000000fc680000)
  from space 6144K, 0% used [0x00000000fc700000,0x00000000fc700000,0x00000000fcd00000)
  to   space 29184K, 0% used [0x00000000fe300000,0x00000000fe300000,0x00000000fff80000)
 ParOldGen       total 87552K, used 24732K [0x00000000f0000000, 0x00000000f5580000, 0x00000000faa80000)
  object space 87552K, 28% used [0x00000000f0000000,0x00000000f18271c0,0x00000000f5580000)
 PSPermGen       total 88576K, used 39516K [0x00000000e5a00000, 0x00000000eb080000, 0x00000000f0000000)
  object space 88576K, 44% used [0x00000000e5a00000,0x00000000e8097008,0x00000000eb080000)
GC Heap History (10 events):
Event: 63.830 GC heap before
{Heap before GC invocations=17 (full 1):
 PSYoungGen      total 58368K, used 43795K [0x00000000faa80000, 0x0000000100000000, 0x0000000100000000)
  eden space 29184K, 96% used [0x00000000faa80000,0x00000000fc606608,0x00000000fc700000)
  from space 29184K, 53% used [0x00000000fc700000,0x00000000fd63e960,0x00000000fe380000)
  to   space 29184K, 0% used [0x00000000fe380000,0x00000000fe380000,0x0000000100000000)
 ParOldGen       total 105472K, used 56822K [0x00000000f0000000, 0x00000000f6700000, 0x00000000faa80000)
  object space 105472K, 53% used [0x00000000f0000000,0x00000000f377da98,0x00000000f6700000)
 PSPermGen       total 78848K, used 39208K [0x00000000e5a00000, 0x00000000ea700000, 0x00000000f0000000)
  object space 78848K, 49% used [0x00000000e5a00000,0x00000000e804a250,0x00000000ea700000)
Event: 63.841 GC heap after
Heap after GC invocations=17 (full 1):
 PSYoungGen      total 58368K, used 25804K [0x00000000faa80000, 0x0000000100000000, 0x0000000100000000)
  eden space 29184K, 0% used [0x00000000faa80000,0x00000000faa80000,0x00000000fc700000)
  from space 29184K, 88% used [0x00000000fe380000,0x00000000ffcb3228,0x0000000100000000)
  to   space 29184K, 0% used [0x00000000fc700000,0x00000000fc700000,0x00000000fe380000)
 ParOldGen       total 105472K, used 56902K [0x00000000f0000000, 0x00000000f6700000, 0x00000000faa80000)
  object space 105472K, 53% used [0x00000000f0000000,0x00000000f3791b08,0x00000000f6700000)
 PSPermGen       total 78848K, used 39208K [0x00000000e5a00000, 0x00000000ea700000, 0x00000000f0000000)
  object space 78848K, 49% used [0x00000000e5a00000,0x00000000e804a250,0x00000000ea700000)
}
Event: 68.085 GC heap before
{Heap before GC invocations=18 (full 1):
 PSYoungGen      total 58368K, used 53201K [0x00000000faa80000, 0x0000000100000000, 0x0000000100000000)
  eden space 29184K, 93% used [0x00000000faa80000,0x00000000fc541430,0x00000000fc700000)
  from space 29184K, 88% used [0x00000000fe380000,0x00000000ffcb3228,0x0000000100000000)
  to   space 29184K, 0% used [0x00000000fc700000,0x00000000fc700000,0x00000000fe380000)
 ParOldGen       total 105472K, used 56902K [0x00000000f0000000, 0x00000000f6700000, 0x00000000faa80000)
  object space 105472K, 53% used [0x00000000f0000000,0x00000000f3791b08,0x00000000f6700000)
 PSPermGen       total 78848K, used 39233K [0x00000000e5a00000, 0x00000000ea700000, 0x00000000f0000000)
  object space 78848K, 49% used [0x00000000e5a00000,0x00000000e8050628,0x00000000ea700000)
Event: 68.102 GC heap after
Heap after GC invocations=18 (full 1):
 PSYoungGen      total 58368K, used 23478K [0x00000000faa80000, 0x0000000100000000, 0x0000000100000000)
  eden space 29184K, 0% used [0x00000000faa80000,0x00000000faa80000,0x00000000fc700000)
  from space 29184K, 80% used [0x00000000fc700000,0x00000000fddedaa8,0x00000000fe380000)
  to   space 29184K, 0% used [0x00000000fe380000,0x00000000fe380000,0x0000000100000000)
 ParOldGen       total 105472K, used 62814K [0x00000000f0000000, 0x00000000f6700000, 0x00000000faa80000)
  object space 105472K, 59% used [0x00000000f0000000,0x00000000f3d578e8,0x00000000f6700000)
 PSPermGen       total 78848K, used 39233K [0x00000000e5a00000, 0x00000000ea700000, 0x00000000f0000000)
  object space 78848K, 49% used [0x00000000e5a00000,0x00000000e8050628,0x00000000ea700000)
}
Event: 68.870 GC heap before
{Heap before GC invocations=19 (full 1):
 PSYoungGen      total 58368K, used 52249K [0x00000000faa80000, 0x0000000100000000, 0x0000000100000000)
  eden space 29184K, 98% used [0x00000000faa80000,0x00000000fc698b60,0x00000000fc700000)
  from space 29184K, 80% used [0x00000000fc700000,0x00000000fddedaa8,0x00000000fe380000)
  to   space 29184K, 0% used [0x00000000fe380000,0x00000000fe380000,0x0000000100000000)
 ParOldGen       total 105472K, used 62814K [0x00000000f0000000, 0x00000000f6700000, 0x00000000faa80000)
  object space 105472K, 59% used [0x00000000f0000000,0x00000000f3d578e8,0x00000000f6700000)
 PSPermGen       total 78848K, used 39243K [0x00000000e5a00000, 0x00000000ea700000, 0x00000000f0000000)
  object space 78848K, 49% used [0x00000000e5a00000,0x00000000e8052f10,0x00000000ea700000)
Event: 68.883 GC heap after
Heap after GC invocations=19 (full 1):
 PSYoungGen      total 58368K, used 28040K [0x00000000faa80000, 0x0000000100000000, 0x0000000100000000)
  eden space 29184K, 0% used [0x00000000faa80000,0x00000000faa80000,0x00000000fc700000)
  from space 29184K, 96% used [0x00000000fe380000,0x00000000ffee20e0,0x0000000100000000)
  to   space 29184K, 0% used [0x00000000fc700000,0x00000000fc700000,0x00000000fe380000)
 ParOldGen       total 105472K, used 68894K [0x00000000f0000000, 0x00000000f6700000, 0x00000000faa80000)
  object space 105472K, 65% used [0x00000000f0000000,0x00000000f4347980,0x00000000f6700000)
 PSPermGen       total 78848K, used 39243K [0x00000000e5a00000, 0x00000000ea700000, 0x00000000f0000000)
  object space 78848K, 49% used [0x00000000e5a00000,0x00000000e8052f10,0x00000000ea700000)
}
Event: 8262.086 GC heap before
{Heap before GC invocations=20 (full 1):
 PSYoungGen      total 58368K, used 57224K [0x00000000faa80000, 0x0000000100000000, 0x0000000100000000)
  eden space 29184K, 100% used [0x00000000faa80000,0x00000000fc700000,0x00000000fc700000)
  from space 29184K, 96% used [0x00000000fe380000,0x00000000ffee20e0,0x0000000100000000)
  to   space 29184K, 0% used [0x00000000fc700000,0x00000000fc700000,0x00000000fe380000)
 ParOldGen       total 105472K, used 68894K [0x00000000f0000000, 0x00000000f6700000, 0x00000000faa80000)
  object space 105472K, 65% used [0x00000000f0000000,0x00000000f4347980,0x00000000f6700000)
 PSPermGen       total 78848K, used 39466K [0x00000000e5a00000, 0x00000000ea700000, 0x00000000f0000000)
  object space 78848K, 50% used [0x00000000e5a00000,0x00000000e808a850,0x00000000ea700000)
Event: 8262.100 GC heap after
Heap after GC invocations=20 (full 1):
 PSYoungGen      total 34816K, used 6050K [0x00000000faa80000, 0x00000000fff80000, 0x0000000100000000)
  eden space 28672K, 0% used [0x00000000faa80000,0x00000000faa80000,0x00000000fc680000)
  from space 6144K, 98% used [0x00000000fc700000,0x00000000fcce88e8,0x00000000fcd00000)
  to   space 29184K, 0% used [0x00000000fe300000,0x00000000fe300000,0x00000000fff80000)
 ParOldGen       total 105472K, used 92668K [0x00000000f0000000, 0x00000000f6700000, 0x00000000faa80000)
  object space 105472K, 87% used [0x00000000f0000000,0x00000000f5a7f2e0,0x00000000f6700000)
 PSPermGen       total 78848K, used 39466K [0x00000000e5a00000, 0x00000000ea700000, 0x00000000f0000000)
  object space 78848K, 50% used [0x00000000e5a00000,0x00000000e808a850,0x00000000ea700000)
}
Event: 8262.100 GC heap before
{Heap before GC invocations=21 (full 2):
 PSYoungGen      total 34816K, used 6050K [0x00000000faa80000, 0x00000000fff80000, 0x0000000100000000)
  eden space 28672K, 0% used [0x00000000faa80000,0x00000000faa80000,0x00000000fc680000)
  from space 6144K, 98% used [0x00000000fc700000,0x00000000fcce88e8,0x00000000fcd00000)
  to   space 29184K, 0% used [0x00000000fe300000,0x00000000fe300000,0x00000000fff80000)
 ParOldGen       total 105472K, used 92668K [0x00000000f0000000, 0x00000000f6700000, 0x00000000faa80000)
  object space 105472K, 87% used [0x00000000f0000000,0x00000000f5a7f2e0,0x00000000f6700000)
 PSPermGen       total 78848K, used 39466K [0x00000000e5a00000, 0x00000000ea700000, 0x00000000f0000000)
  object space 78848K, 50% used [0x00000000e5a00000,0x00000000e808a850,0x00000000ea700000)
Event: 8262.181 GC heap after
Heap after GC invocations=21 (full 2):
 PSYoungGen      total 34816K, used 0K [0x00000000faa80000, 0x00000000fff80000, 0x0000000100000000)
  eden space 28672K, 0% used [0x00000000faa80000,0x00000000faa80000,0x00000000fc680000)
  from space 6144K, 0% used [0x00000000fc700000,0x00000000fc700000,0x00000000fcd00000)
  to   space 29184K, 0% used [0x00000000fe300000,0x00000000fe300000,0x00000000fff80000)
 ParOldGen       total 87552K, used 24732K [0x00000000f0000000, 0x00000000f5580000, 0x00000000faa80000)
  object space 87552K, 28% used [0x00000000f0000000,0x00000000f18271c0,0x00000000f5580000)
 PSPermGen       total 88576K, used 39456K [0x00000000e5a00000, 0x00000000eb080000, 0x00000000f0000000)
  object space 88576K, 44% used [0x00000000e5a00000,0x00000000e8088028,0x00000000eb080000)
}

